<?xml version="1.0" encoding="UTF-8"?>
<testsuite xmlns:xsi="http://www.w3.org/2001/XMLSchema-instance" xsi:noNamespaceSchemaLocation="https://maven.apache.org/surefire/maven-surefire-plugin/xsd/surefire-test-report.xsd" name="shuffle.service.ShuffleServiceTest" time="0.542" tests="5" errors="0" skipped="0" failures="0">
  <properties>
[...]
</properties>
  <testcase name="testShuffleInput1000" classname="shuffle.service.ShuffleServiceTest" time="0.514"/>
  <testcase name="testShuffleInput0EmptyArray" classname="shuffle.service.ShuffleServiceTest" time="0.002"/>
  <testcase name="testShuffleInput1" classname="shuffle.service.ShuffleServiceTest" time="0.002"/>
  <testcase name="testShuffleInput3" classname="shuffle.service.ShuffleServiceTest" time="0.002"/>
  <testcase name="testShuffleInput1001EmptyArray" classname="shuffle.service.ShuffleServiceTest" time="0.002"/>
</testsuite>